

Version:	3.14
CmdLine:	C:\Users\Tapera\Desktop\typingGame\normalMode.exe --l4j-debug
WOW64:		yes
Working dir:	C:\Users\Tapera\Desktop\typingGame\.
Java min ver:	1.007.000
Java max ver:	
Bundled JRE(s):	jre
Check launcher:	C:\Users\Tapera\Desktop\typingGame\jre\bin\javaw.exe (OK)
Launcher:	C:\Users\Tapera\Desktop\typingGame\jre\bin\javaw.exe
Launcher args:	-jar "C:\Users\Tapera\Desktop\typingGame\normalMode.exe"
Args length:	56/32768 chars
Exit code:	0


Version:	3.14
CmdLine:	C:\Users\Tapera\Desktop\typingGame\normalMode.exe --l4j-debug
WOW64:		yes
Working dir:	C:\Users\Tapera\Desktop\typingGame\.
Java min ver:	1.007.000
Java max ver:	
Bundled JRE(s):	jre
Check launcher:	C:\Users\Tapera\Desktop\typingGame\jre\bin\javaw.exe (OK)
Launcher:	C:\Users\Tapera\Desktop\typingGame\jre\bin\javaw.exe
Launcher args:	-jar "C:\Users\Tapera\Desktop\typingGame\normalMode.exe"
Args length:	56/32768 chars
Exit code:	0


Version:	3.14
CmdLine:	C:\Users\Tapera\Desktop\typingGame\basicMode.exe --l4j-debug
WOW64:		yes
Working dir:	C:\Users\Tapera\Desktop\typingGame\.
Java min ver:	1.007.000
Java max ver:	
Bundled JRE(s):	jre
Check launcher:	C:\Users\Tapera\Desktop\typingGame\jre\bin\javaw.exe (OK)
Launcher:	C:\Users\Tapera\Desktop\typingGame\jre\bin\javaw.exe
Launcher args:	-jar "C:\Users\Tapera\Desktop\typingGame\basicMode.exe"
Args length:	55/32768 chars
Exit code:	0


Version:	3.14
CmdLine:	C:\Users\Tapera\Desktop\typingGame\basicMode.exe --l4j-debug
WOW64:		yes
Working dir:	C:\Users\Tapera\Desktop\typingGame\.
Java min ver:	1.007.000
Java max ver:	
Bundled JRE(s):	jre
Check launcher:	C:\Users\Tapera\Desktop\typingGame\jre\bin\javaw.exe (OK)
Launcher:	C:\Users\Tapera\Desktop\typingGame\jre\bin\javaw.exe
Launcher args:	-jar "C:\Users\Tapera\Desktop\typingGame\basicMode.exe"
Args length:	55/32768 chars
Exit code:	0


Version:	3.14
CmdLine:	C:\Users\Tapera\Desktop\typingGame\specialEdition.exe --l4j-debug
WOW64:		yes
Working dir:	C:\Users\Tapera\Desktop\typingGame\.
Java min ver:	
Java max ver:	
Bundled JRE(s):	jre
Check launcher:	C:\Users\Tapera\Desktop\typingGame\jre\bin\javaw.exe (OK)
Launcher:	C:\Users\Tapera\Desktop\typingGame\jre\bin\javaw.exe
Launcher args:	-jar "C:\Users\Tapera\Desktop\typingGame\specialEdition.exe" 29 2 rikoni.txt 3
Args length:	78/32768 chars
Exit code:	0


Version:	3.14
CmdLine:	C:\Users\Tapera\Desktop\typingGame\specialEdition.exe --l4j-debug
WOW64:		yes
Working dir:	C:\Users\Tapera\Desktop\typingGame\.
Java min ver:	
Java max ver:	
Bundled JRE(s):	jre
Check launcher:	C:\Users\Tapera\Desktop\typingGame\jre\bin\javaw.exe (OK)
Launcher:	C:\Users\Tapera\Desktop\typingGame\jre\bin\javaw.exe
Launcher args:	-jar "C:\Users\Tapera\Desktop\typingGame\specialEdition.exe" 29 2 docs/special.txt 3
Args length:	84/32768 chars
Exit code:	0


Version:	3.14
CmdLine:	C:\Users\Tapera\Desktop\typingGame\specialEdition.exe --l4j-debug
WOW64:		yes
Working dir:	C:\Users\Tapera\Desktop\typingGame\.
Java min ver:	1.007.000
Java max ver:	
Bundled JRE(s):	jre
Check launcher:	C:\Users\Tapera\Desktop\typingGame\jre\bin\javaw.exe (OK)
Launcher:	C:\Users\Tapera\Desktop\typingGame\jre\bin\javaw.exe
Launcher args:	-jar "C:\Users\Tapera\Desktop\typingGame\specialEdition.exe" 29 2 docs/special.txt 3
Args length:	84/32768 chars
Exit code:	0


Version:	3.14
CmdLine:	C:\Users\Tapera\Desktop\typingGame\specialEdition.exe --l4j-debug
WOW64:		yes
Working dir:	C:\Users\Tapera\Desktop\typingGame\.
Java min ver:	1.007.000
Java max ver:	
Bundled JRE(s):	jre
Check launcher:	C:\Users\Tapera\Desktop\typingGame\jre\bin\javaw.exe (OK)
Launcher:	C:\Users\Tapera\Desktop\typingGame\jre\bin\javaw.exe
Launcher args:	-jar "C:\Users\Tapera\Desktop\typingGame\specialEdition.exe" 29 2 docs/special.txt 3
Args length:	84/32768 chars
Exit code:	0


Version:	3.14
CmdLine:	C:\Users\Tapera\Desktop\typingGame\specialEdition.exe --l4j-debug
WOW64:		yes
Working dir:	C:\Users\Tapera\Desktop\typingGame\.
Java min ver:	1.007.000
Java max ver:	
Bundled JRE(s):	jre
Check launcher:	C:\Users\Tapera\Desktop\typingGame\jre\bin\javaw.exe (OK)
Launcher:	C:\Users\Tapera\Desktop\typingGame\jre\bin\javaw.exe
Launcher args:	-jar "C:\Users\Tapera\Desktop\typingGame\specialEdition.exe" 29 2 docs/special.txt 3
Args length:	84/32768 chars
Exit code:	0
